<?xml version="1.0" encoding="UTF-8"?>
<!-- Generated by org.testng.reporters.JUnitReportReporter -->
<testsuite hostname="DESKTOP-KBM2E74" failures="0" tests="1" name="eauctionFlow.Login" time="0.543" errors="0" timestamp="2024-11-19T10:26:19 IST" skipped="0">
  <testcase classname="eauctionFlow.Login" name="testLogin" time="0.543"/>
  <system-out/>
</testsuite> <!-- eauctionFlow.Login -->
