<?xml version="1.0" encoding="UTF-8"?>
<!-- Generated by org.testng.reporters.JUnitReportReporter -->
<testsuite hostname="Tester-PC" failures="0" tests="3" name="eauctionFlow.sellerregistrationandarpprover" time="48.555" errors="0" timestamp="28 Nov 2024 10:29:40 GMT" skipped="0">
  <testcase classname="eauctionFlow.sellerregistrationandarpprover" name="LoginSubadmin" time="0.293"/>
  <testcase classname="eauctionFlow.sellerregistrationandarpprover" name="SellerRegister" time="24.860"/>
  <testcase classname="eauctionFlow.sellerregistrationandarpprover" name="approverregister" time="23.402"/>
</testsuite> <!-- eauctionFlow.sellerregistrationandarpprover -->
