<?xml version="1.0" encoding="UTF-8"?>
<!-- Generated by org.testng.reporters.JUnitReportReporter -->
<testsuite hostname="Tester-PC" failures="0" tests="1" name="eauctionFlow.Login" time="2.261" errors="0" timestamp="19 Nov 2024 12:44:39 GMT" skipped="0">
  <testcase classname="eauctionFlow.Login" name="testLogin" time="2.261"/>
</testsuite> <!-- eauctionFlow.Login -->
