<?xml version="1.0" encoding="UTF-8"?>
<!-- Generated by org.testng.reporters.JUnitReportReporter -->
<testsuite hostname="DESKTOP-KBM2E74" failures="0" tests="1" name="eauctionFlow.Login2" time="4.767" errors="0" timestamp="2024-11-27T18:29:18 IST" skipped="0">
  <testcase classname="eauctionFlow.Login2" name="testLogin" time="4.767"/>
  <system-out/>
</testsuite> <!-- eauctionFlow.Login2 -->
