<?xml version="1.0" encoding="UTF-8"?>
<!-- Generated by org.testng.reporters.JUnitReportReporter -->
<<<<<<< HEAD
<<<<<<< HEAD
<testsuite hostname="Tester-PC" failures="0" tests="1" name="eauctionFlow.Login" time="2.261" errors="0" timestamp="19 Nov 2024 12:44:39 GMT" skipped="0">
  <testcase classname="eauctionFlow.Login" name="testLogin" time="2.261"/>
=======
<testsuite hostname="DESKTOP-KBM2E74" failures="0" tests="1" name="eauctionFlow.Login" time="2.386" errors="0" timestamp="2024-11-26T17:27:06 IST" skipped="0">
  <testcase classname="eauctionFlow.Login" name="testLogin" time="2.386"/>
=======
<testsuite hostname="DESKTOP-KBM2E74" failures="0" tests="1" name="eauctionFlow.Login" time="2.437" errors="0" timestamp="2024-11-29T10:36:00 IST" skipped="0">
  <testcase classname="eauctionFlow.Login" name="testLogin" time="2.437"/>
>>>>>>> df368066f6b4a39cacbdcc30ca140e67e18bfd19
  <system-out/>
>>>>>>> a618da41f99da080311aadee62e4f50c4eea853d
</testsuite> <!-- eauctionFlow.Login -->
