<?xml version="1.0" encoding="UTF-8"?>
<!-- Generated by org.testng.reporters.JUnitReportReporter -->
<testsuite hostname="Tester-PC" failures="0" tests="3" name="eauctionFlow.ApproverLogin" time="15.473" errors="0" timestamp="28 Nov 2024 13:15:52 GMT" skipped="0">
  <testcase classname="eauctionFlow.ApproverLogin" name="LoginApprover" time="1.236"/>
  <testcase classname="eauctionFlow.ApproverLogin" name="approveevent" time="8.928"/>
  <testcase classname="eauctionFlow.ApproverLogin" name="publishevent" time="5.309"/>
</testsuite> <!-- eauctionFlow.ApproverLogin -->
